{"logTime": "0403/225148", "correlationVector":"d06iSpuVowfXUBapGK0Xou.1","action":"SyncServerConnectionManagerRequest", "result":"SYNC_SERVER_OK", "context":{"environment":"Prod_germanywestcentral_prod-s01-010-eur-germanywestcentral", "migrationStage":"NotStarted", "server":"akswtt00000000i"}}
{"logTime": "0403/225148", "correlationVector":"d06iSpuVowfXUBapGK0Xou.2","action":"ProcessGetUpdates", "result":"Done", "context":{"dataType":"Encryption Keys", "deleted":"0", "process_failed_to_decrypt":"0", "process_pending_decryption":"0", "process_success":"1", "total":"1"}}
{"logTime": "0403/225148", "correlationVector":"mHTK5EQtHME4nKtbaz0FtA","action":"SyncServerConnectionManagerRequest", "result":"SYNC_SERVER_ERROR", "context":{"environment":"", "error_type":"http_status_code", "error_value":"400", "migrationStage":"", "server":""}}
{"logTime": "0403/225148", "correlationVector":"d06iSpuVowfXUBapGK0Xou","action":"Initial GetUpdates", "result":"", "context":Reason: NEW_CLIENT. cV=d06iSpuVowfXUBapGK0Xou}
{"logTime": "0403/225148", "correlationVector":"d06iSpuVowfXUBapGK0Xou.3","action":"GetUpdates Response", "result":"Success", "context":Received 1 update(s). cV=d06iSpuVowfXUBapGK0Xou.0;server=akswtt00000000i;cloudType=Consumer;environment=Prod_germanywestcentral_prod-s01-010-eur-germanywestcentral;migrationStage=NotStarted}
{"logTime": "0403/225148", "correlationVector":"ud39aza8y5jEJHHH6RZ2rE","action":"Initial GetUpdates", "result":"", "context":Reason: NEW_CLIENT. cV=ud39aza8y5jEJHHH6RZ2rE}
{"logTime": "0403/225148", "correlationVector":"ud39aza8y5jEJHHH6RZ2rE.1","action":"SyncServerConnectionManagerRequest", "result":"SYNC_SERVER_OK", "context":{"environment":"Prod_germanywestcentral_prod-s01-010-eur-germanywestcentral", "migrationStage":"NotStarted", "server":"akswtt000000000"}}
{"logTime": "0403/225148", "correlationVector":"ud39aza8y5jEJHHH6RZ2rE.2","action":"ProcessGetUpdates", "result":"Done", "context":{"dataType":"Preferences", "deleted":"0", "process_failed_to_decrypt":"0", "process_pending_decryption":"0", "process_success":"60", "total":"60"}}
{"logTime": "0403/225148", "correlationVector":"ud39aza8y5jEJHHH6RZ2rE.3","action":"ProcessGetUpdates", "result":"Done", "context":{"dataType":"Device Info", "deleted":"0", "process_failed_to_decrypt":"0", "process_pending_decryption":"0", "process_success":"5", "total":"5"}}
{"logTime": "0403/225148", "correlationVector":"ud39aza8y5jEJHHH6RZ2rE.4","action":"GetUpdates Response", "result":"Success", "context":Received 65 update(s). cV=ud39aza8y5jEJHHH6RZ2rE.0;server=akswtt000000000;cloudType=Consumer;environment=Prod_germanywestcentral_prod-s01-010-eur-germanywestcentral;migrationStage=NotStarted}
{"logTime": "0403/225148", "correlationVector":"RiEbuyBJe7oiD850Nur611","action":"SyncServerConnectionManagerRequest", "result":"SYNC_SERVER_ERROR", "context":{"environment":"", "error_type":"http_status_code", "error_value":"400", "migrationStage":"", "server":""}}
{"logTime": "0403/225148", "correlationVector":"rCsG1G/ZcyPDIRnTHXeEpm","action":"Initial GetUpdates", "result":"", "context":Reason: NEW_CLIENT. cV=rCsG1G/ZcyPDIRnTHXeEpm}
{"logTime": "0403/225148", "correlationVector":"rCsG1G/ZcyPDIRnTHXeEpm.1","action":"SyncServerConnectionManagerRequest", "result":"SYNC_SERVER_OK", "context":{"environment":"Prod_germanywestcentral_prod-s01-010-eur-germanywestcentral", "migrationStage":"NotStarted", "server":"akswtt000000015"}}
{"logTime": "0403/225148", "correlationVector":"rCsG1G/ZcyPDIRnTHXeEpm.2","action":"ProcessGetUpdates", "result":"Done", "context":{"dataType":"Bookmarks", "deleted":"0", "process_failed_to_decrypt":"0", "process_pending_decryption":"0", "process_success":"6", "total":"6"}}
{"logTime": "0403/225148", "correlationVector":"rCsG1G/ZcyPDIRnTHXeEpm.3","action":"GetUpdates Response", "result":"Success", "context":Received 6 update(s). cV=rCsG1G/ZcyPDIRnTHXeEpm.0;server=akswtt000000015;cloudType=Consumer;environment=Prod_germanywestcentral_prod-s01-010-eur-germanywestcentral;migrationStage=NotStarted}
{"logTime": "0403/225149", "correlationVector":"BLz98QsU/Di6dTDGDdYp4r","action":"SyncServerConnectionManagerRequest", "result":"SYNC_SERVER_ERROR", "context":{"environment":"", "error_type":"http_status_code", "error_value":"400", "migrationStage":"", "server":""}}
{"logTime": "0403/225149", "correlationVector":"bgFpDJu9hnc2BZjc+y7RW1","action":"Initial GetUpdates", "result":"", "context":Reason: NEW_CLIENT. cV=bgFpDJu9hnc2BZjc+y7RW1}
{"logTime": "0403/225149", "correlationVector":"bgFpDJu9hnc2BZjc+y7RW1.1","action":"SyncServerConnectionManagerRequest", "result":"SYNC_SERVER_OK", "context":{"environment":"Prod_germanywestcentral_prod-s01-010-eur-germanywestcentral", "migrationStage":"NotStarted", "server":"akswtt000000002"}}
{"logTime": "0403/225149", "correlationVector":"bgFpDJu9hnc2BZjc+y7RW1.2","action":"ProcessGetUpdates", "result":"Done", "context":{"dataType":"Sessions", "deleted":"0", "process_failed_to_decrypt":"0", "process_pending_decryption":"0", "process_success":"8", "total":"8"}}
{"logTime": "0403/225149", "correlationVector":"bgFpDJu9hnc2BZjc+y7RW1.3","action":"GetUpdates Response", "result":"Success", "context":Received 8 update(s). cV=bgFpDJu9hnc2BZjc+y7RW1.0;server=akswtt000000002;cloudType=Consumer;environment=Prod_germanywestcentral_prod-s01-010-eur-germanywestcentral;migrationStage=NotStarted}
{"logTime": "0403/225149", "correlationVector":"NhzbEZwSPGkV2mg0M2G0xF","action":"SyncServerConnectionManagerRequest", "result":"SYNC_SERVER_ERROR", "context":{"environment":"", "error_type":"http_status_code", "error_value":"400", "migrationStage":"", "server":""}}
{"logTime": "0403/225149", "correlationVector":"j7J07eCOIOHJJPw5R9YC77","action":"Initial GetUpdates", "result":"", "context":Reason: NEW_CLIENT. cV=j7J07eCOIOHJJPw5R9YC77}
{"logTime": "0403/225149", "correlationVector":"j7J07eCOIOHJJPw5R9YC77.1","action":"SyncServerConnectionManagerRequest", "result":"SYNC_SERVER_OK", "context":{"environment":"Prod_germanywestcentral_prod-s01-010-eur-germanywestcentral", "migrationStage":"NotStarted", "server":"akswtt000000001"}}
{"logTime": "0403/225149", "correlationVector":"j7J07eCOIOHJJPw5R9YC77.2","action":"ProcessGetUpdates", "result":"Done", "context":{"dataType":"History", "deleted":"0", "process_failed_to_decrypt":"0", "process_pending_decryption":"0", "process_success":"3", "total":"3"}}
{"logTime": "0403/225149", "correlationVector":"j7J07eCOIOHJJPw5R9YC77.3","action":"GetUpdates Response", "result":"Success", "context":Received 3 update(s). cV=j7J07eCOIOHJJPw5R9YC77.0;server=akswtt000000001;cloudType=Consumer;environment=Prod_germanywestcentral_prod-s01-010-eur-germanywestcentral;migrationStage=NotStarted}
{"logTime": "0403/225149", "correlationVector":"3rpsHi0boKMbt433CrREol","action":"Normal GetUpdate request", "result":"", "context":cV=3rpsHi0boKMbt433CrREol
Nudged types: Sessions, Device Info, User Consents
Refresh requested types: Bookmarks, Preferences, Extensions, Sessions, Extension settings, History Delete Directives, Device Info, User Consents, Send Tab To Self, Web Apps, History, Saved Tab Group, WebAuthn Credentials, Collection, Edge E Drop, Edge Hub App Usage, Edge Wallet, Edge Workspace, Encryption Keys}
{"logTime": "0403/225149", "correlationVector":"3rpsHi0boKMbt433CrREol.1","action":"SyncServerConnectionManagerRequest", "result":"SYNC_SERVER_OK", "context":{"environment":"Prod_germanywestcentral_prod-s01-010-eur-germanywestcentral", "migrationStage":"NotStarted", "server":"akswtt000000002"}}
{"logTime": "0403/225149", "correlationVector":"3rpsHi0boKMbt433CrREol.2","action":"GetUpdates Response", "result":"Success", "context":Received 0 update(s). cV=3rpsHi0boKMbt433CrREol.0;server=akswtt000000002;cloudType=Consumer;environment=Prod_germanywestcentral_prod-s01-010-eur-germanywestcentral;migrationStage=NotStarted}
{"logTime": "0403/225149", "correlationVector":"KUt2fP3g94SxlhhWNWVGA/","action":"DoCompareDataConsistency: ", "result":"has local changes and skip compare"}
{"logTime": "0403/225149", "correlationVector":"531AIpcvt+NXW7s0ueimQ6","action":"Commit Request", "result":"", "context":Item count: 6
Contributing types: Sessions, Device Info, User Consents, History}
{"logTime": "0403/225150", "correlationVector":"531AIpcvt+NXW7s0ueimQ6.1","action":"SyncServerConnectionManagerRequest", "result":"SYNC_SERVER_OK", "context":{"environment":"Prod_germanywestcentral_prod-s01-010-eur-germanywestcentral", "migrationStage":"NotStarted", "server":"akswtt000000006"}}
{"logTime": "0403/225150", "correlationVector":"531AIpcvt+NXW7s0ueimQ6.2","action":"Commit Response", "result":"Success", "context":Result: Success. cV=531AIpcvt+NXW7s0ueimQ6.0;server=akswtt000000006;cloudType=Consumer;environment=Prod_germanywestcentral_prod-s01-010-eur-germanywestcentral;migrationStage=NotStarted}
{"logTime": "0403/225151", "correlationVector":"8WPt5frrCjbE6zR06/E7+s","action":"Normal GetUpdate request", "result":"", "context":cV=8WPt5frrCjbE6zR06/E7+s
Refresh requested types: Encryption Keys}
{"logTime": "0403/225151", "correlationVector":"8WPt5frrCjbE6zR06/E7+s.1","action":"SyncServerConnectionManagerRequest", "result":"SYNC_SERVER_OK", "context":{"environment":"Prod_germanywestcentral_prod-s01-010-eur-germanywestcentral", "migrationStage":"NotStarted", "server":"akswtt00000000i"}}
{"logTime": "0403/225151", "correlationVector":"8WPt5frrCjbE6zR06/E7+s.2","action":"ProcessGetUpdates", "result":"Done", "context":{"dataType":"Sessions", "deleted":"0", "process_failed_to_decrypt":"0", "process_pending_decryption":"0", "process_success":"2", "total":"2"}}
{"logTime": "0403/225151", "correlationVector":"8WPt5frrCjbE6zR06/E7+s.3","action":"ProcessGetUpdates", "result":"Done", "context":{"dataType":"Device Info", "deleted":"0", "process_failed_to_decrypt":"0", "process_pending_decryption":"0", "process_success":"1", "total":"1"}}
{"logTime": "0403/225151", "correlationVector":"8WPt5frrCjbE6zR06/E7+s.4","action":"ProcessGetUpdates", "result":"Done", "context":{"dataType":"History", "deleted":"0", "process_failed_to_decrypt":"0", "process_pending_decryption":"0", "process_success":"2", "total":"2"}}
{"logTime": "0403/225151", "correlationVector":"8WPt5frrCjbE6zR06/E7+s.5","action":"GetUpdates Response", "result":"Success", "context":Received 5 update(s). cV=8WPt5frrCjbE6zR06/E7+s.0;server=akswtt00000000i;cloudType=Consumer;environment=Prod_germanywestcentral_prod-s01-010-eur-germanywestcentral;migrationStage=NotStarted}
{"logTime": "0403/225151", "correlationVector":"iXcLGO4YiJVU+UIFUyy05q","action":"SyncServerConnectionManagerRequest", "result":"SYNC_SERVER_ERROR", "context":{"environment":"", "error_type":"http_status_code", "error_value":"400", "migrationStage":"", "server":""}}
{"logTime": "0403/225152", "correlationVector":"NICLwEJPFZImJzCEFDLN80","action":"Normal GetUpdate request", "result":"", "context":cV=NICLwEJPFZImJzCEFDLN80
Refresh requested types: Encryption Keys}
{"logTime": "0403/225152", "correlationVector":"NICLwEJPFZImJzCEFDLN80.1","action":"SyncServerConnectionManagerRequest", "result":"SYNC_SERVER_OK", "context":{"environment":"Prod_germanywestcentral_prod-s01-010-eur-germanywestcentral", "migrationStage":"NotStarted", "server":"akswtt000000017"}}
{"logTime": "0403/225152", "correlationVector":"NICLwEJPFZImJzCEFDLN80.2","action":"GetUpdates Response", "result":"Success", "context":Received 0 update(s). cV=NICLwEJPFZImJzCEFDLN80.0;server=akswtt000000017;cloudType=Consumer;environment=Prod_germanywestcentral_prod-s01-010-eur-germanywestcentral;migrationStage=NotStarted}
{"logTime": "0403/225152", "correlationVector":"57asVxbqdvM0Ke3HDLakpW","action":"SyncServerConnectionManagerRequest", "result":"SYNC_SERVER_ERROR", "context":{"environment":"", "error_type":"http_status_code", "error_value":"400", "migrationStage":"", "server":""}}
{"logTime": "0403/225155", "correlationVector":"91Pp6z21CbUAZyA+Gzfv/g","action":"Normal GetUpdate request", "result":"", "context":cV=91Pp6z21CbUAZyA+Gzfv/g
Nudged types: Sessions, History
Refresh requested types: Encryption Keys}
{"logTime": "0403/225155", "correlationVector":"91Pp6z21CbUAZyA+Gzfv/g.1","action":"SyncServerConnectionManagerRequest", "result":"SYNC_SERVER_OK", "context":{"environment":"Prod_germanywestcentral_prod-s01-010-eur-germanywestcentral", "migrationStage":"NotStarted", "server":"akswtt000000001"}}
{"logTime": "0403/225155", "correlationVector":"91Pp6z21CbUAZyA+Gzfv/g.2","action":"GetUpdates Response", "result":"Success", "context":Received 0 update(s). cV=91Pp6z21CbUAZyA+Gzfv/g.0;server=akswtt000000001;cloudType=Consumer;environment=Prod_germanywestcentral_prod-s01-010-eur-germanywestcentral;migrationStage=NotStarted}
{"logTime": "0403/225155", "correlationVector":"wNggk3lsSEVqWc6uEu4PvB","action":"Commit Request", "result":"", "context":Item count: 3
Contributing types: Sessions, History}
{"logTime": "0403/225155", "correlationVector":"wNggk3lsSEVqWc6uEu4PvB.1","action":"SyncServerConnectionManagerRequest", "result":"SYNC_SERVER_OK", "context":{"environment":"Prod_germanywestcentral_prod-s01-010-eur-germanywestcentral", "migrationStage":"NotStarted", "server":"akswtt000000001"}}
{"logTime": "0403/225155", "correlationVector":"wNggk3lsSEVqWc6uEu4PvB.2","action":"Commit Response", "result":"Success", "context":Result: Success. cV=wNggk3lsSEVqWc6uEu4PvB.0;server=akswtt000000001;cloudType=Consumer;environment=Prod_germanywestcentral_prod-s01-010-eur-germanywestcentral;migrationStage=NotStarted}
{"logTime": "0403/225155", "correlationVector":"gwGZopl6OYiQFIs8XJlpdd","action":"SyncServerConnectionManagerRequest", "result":"SYNC_SERVER_ERROR", "context":{"environment":"", "error_type":"http_status_code", "error_value":"400", "migrationStage":"", "server":""}}
{"logTime": "0403/225203", "correlationVector":"h2W+y7uUkkR1V2ZHg5T/DY","action":"Normal GetUpdate request", "result":"", "context":cV=h2W+y7uUkkR1V2ZHg5T/DY
Nudged types: Sessions, History
Refresh requested types: Encryption Keys}
{"logTime": "0403/225203", "correlationVector":"h2W+y7uUkkR1V2ZHg5T/DY.1","action":"SyncServerConnectionManagerRequest", "result":"SYNC_SERVER_OK", "context":{"environment":"Prod_germanywestcentral_prod-s01-010-eur-germanywestcentral", "migrationStage":"NotStarted", "server":"akswtt00000000c"}}
{"logTime": "0403/225203", "correlationVector":"h2W+y7uUkkR1V2ZHg5T/DY.2","action":"ProcessGetUpdates", "result":"Done", "context":{"dataType":"Sessions", "deleted":"0", "process_failed_to_decrypt":"0", "process_pending_decryption":"0", "process_success":"2", "total":"2"}}
{"logTime": "0403/225203", "correlationVector":"h2W+y7uUkkR1V2ZHg5T/DY.3","action":"ProcessGetUpdates", "result":"Done", "context":{"dataType":"History", "deleted":"0", "process_failed_to_decrypt":"0", "process_pending_decryption":"0", "process_success":"1", "total":"1"}}
{"logTime": "0403/225203", "correlationVector":"h2W+y7uUkkR1V2ZHg5T/DY.4","action":"GetUpdates Response", "result":"Success", "context":Received 3 update(s). cV=h2W+y7uUkkR1V2ZHg5T/DY.0;server=akswtt00000000c;cloudType=Consumer;environment=Prod_germanywestcentral_prod-s01-010-eur-germanywestcentral;migrationStage=NotStarted}
{"logTime": "0403/225203", "correlationVector":"w0f4J2MSPlxDbmL63m+iCv","action":"SyncServerConnectionManagerRequest", "result":"SYNC_SERVER_ERROR", "context":{"environment":"", "error_type":"http_status_code", "error_value":"400", "migrationStage":"", "server":""}}
{"logTime": "0403/225219", "correlationVector":"NbGkB9r4xDu1fiA38N1Oxi","action":"Normal GetUpdate request", "result":"", "context":cV=NbGkB9r4xDu1fiA38N1Oxi
Nudged types: Preferences
Refresh requested types: Encryption Keys}
{"logTime": "0403/225219", "correlationVector":"NbGkB9r4xDu1fiA38N1Oxi.1","action":"SyncServerConnectionManagerRequest", "result":"SYNC_SERVER_OK", "context":{"environment":"Prod_germanywestcentral_prod-s01-010-eur-germanywestcentral", "migrationStage":"NotStarted", "server":"akswtt000000001"}}
{"logTime": "0403/225219", "correlationVector":"NbGkB9r4xDu1fiA38N1Oxi.2","action":"GetUpdates Response", "result":"Success", "context":Received 0 update(s). cV=NbGkB9r4xDu1fiA38N1Oxi.0;server=akswtt000000001;cloudType=Consumer;environment=Prod_germanywestcentral_prod-s01-010-eur-germanywestcentral;migrationStage=NotStarted}
{"logTime": "0403/225219", "correlationVector":"RYVBq6oHTmPKJkHLJxGYa/","action":"Commit Request", "result":"", "context":Item count: 1
Contributing types: Preferences}
{"logTime": "0403/225219", "correlationVector":"RYVBq6oHTmPKJkHLJxGYa/.1","action":"SyncServerConnectionManagerRequest", "result":"SYNC_SERVER_OK", "context":{"environment":"Prod_germanywestcentral_prod-s01-010-eur-germanywestcentral", "migrationStage":"NotStarted", "server":"akswtt00000000c"}}
{"logTime": "0403/225219", "correlationVector":"RYVBq6oHTmPKJkHLJxGYa/.2","action":"Commit Response", "result":"Success", "context":Result: Success. cV=RYVBq6oHTmPKJkHLJxGYa/.0;server=akswtt00000000c;cloudType=Consumer;environment=Prod_germanywestcentral_prod-s01-010-eur-germanywestcentral;migrationStage=NotStarted}
{"logTime": "0403/225219", "correlationVector":"H1FBJZ7+J/W+A8DAEMRXhC","action":"SyncServerConnectionManagerRequest", "result":"SYNC_SERVER_OK", "context":{"environment":"", "migrationStage":"", "server":""}}
{"logTime": "0403/225219", "correlationVector":"H1FBJZ7+J/W+A8DAEMRXhC.0","action":"EncryptionKeysFetcher.DownloadKeys:", "result":"Success", "context":Key count: 4, Last key timestamp: 2026-03-02T08:44:38Z}
{"logTime": "0403/225219", "correlationVector":"H1FBJZ7+J/W+A8DAEMRXhC.1","action":"EncryptionKeysManager::SetEncryptionKeys:", "result":"Success", "context":Key names[4]:[6312jf2HJpfsA8/8iI5PkhRsX0w1GiJRmXuj1mZ69NcwQeEd1/VkRpQOOemhriPLFt9X1VTBpylF5p7magPmKg==][S9wlCv0GJPoW5o+YmYakXqDNhnfxr4ctHEFDUCQ4hw1097hz5IbIlLO1SPN8bAmEVQXReUUVjudm3zgI+qVIpw==][OL/9ut1A9ItJUYV/5M9XfgNi/byWOB5q3YezhoUMO4bScLuBKm1tlyahvMTUJAwMWFFWPe7WlIt9JHeWNFNZIg==][DhRYUnhNjy2SumXaZev8aNoEnNT3Mfo9STy1oF0uIWwnMxLjeqAfiqdeaewtu0o/LGH4K7r9rRTJOL+DFiM7hQ==]}
{"logTime": "0403/225219", "correlationVector":"H1FBJZ7+J/W+A8DAEMRXhC.2","action":"EncryptionKeysManager::SetEncryptionKeysWithTimestamps:", "result":"Success", "context":Key timestamps[4]:[2024-02-02T14:10:29Z][2025-04-27T15:12:17Z][2025-05-19T18:56:22Z][2026-03-02T08:44:38Z]}
{"logTime": "0403/225219", "correlationVector":"LFB3nfAybzkEYM5QqwZQqN","action":"Initial GetUpdates", "result":"", "context":Reason: NEWLY_SUPPORTED_DATATYPE. cV=LFB3nfAybzkEYM5QqwZQqN}
{"logTime": "0403/225219", "correlationVector":"LFB3nfAybzkEYM5QqwZQqN.1","action":"SyncServerConnectionManagerRequest", "result":"SYNC_SERVER_OK", "context":{"environment":"Prod_germanywestcentral_prod-s01-010-eur-germanywestcentral", "migrationStage":"NotStarted", "server":"akswtt000000001"}}
{"logTime": "0403/225219", "correlationVector":"LFB3nfAybzkEYM5QqwZQqN.2","action":"ProcessGetUpdates", "result":"Done", "context":{"dataType":"Passwords", "deleted":"0", "process_failed_to_decrypt":"0", "process_pending_decryption":"0", "process_success":"1", "total":"1"}}
{"logTime": "0403/225219", "correlationVector":"LFB3nfAybzkEYM5QqwZQqN.3","action":"GetUpdates Response", "result":"Success", "context":Received 1 update(s). cV=LFB3nfAybzkEYM5QqwZQqN.0;server=akswtt000000001;cloudType=Consumer;environment=Prod_germanywestcentral_prod-s01-010-eur-germanywestcentral;migrationStage=NotStarted}
{"logTime": "0403/225220", "correlationVector":"SYUPlnpuWd1EY5dsj5IxHG","action":"Initial GetUpdates", "result":"", "context":Reason: NEWLY_SUPPORTED_DATATYPE. cV=SYUPlnpuWd1EY5dsj5IxHG}
{"logTime": "0403/225220", "correlationVector":"SYUPlnpuWd1EY5dsj5IxHG.1","action":"SyncServerConnectionManagerRequest", "result":"SYNC_SERVER_OK", "context":{"environment":"Prod_germanywestcentral_prod-s01-010-eur-germanywestcentral", "migrationStage":"NotStarted", "server":"akswtt000000001"}}
{"logTime": "0403/225220", "correlationVector":"SYUPlnpuWd1EY5dsj5IxHG.2","action":"ProcessGetUpdates", "result":"Done", "context":{"dataType":"Autofill Profiles", "deleted":"2", "process_failed_to_decrypt":"0", "process_pending_decryption":"0", "process_success":"3", "total":"3"}}
{"logTime": "0403/225220", "correlationVector":"SYUPlnpuWd1EY5dsj5IxHG.3","action":"ProcessGetUpdates", "result":"Done", "context":{"dataType":"Autofill", "deleted":"0", "process_failed_to_decrypt":"0", "process_pending_decryption":"0", "process_success":"8", "total":"8"}}
{"logTime": "0403/225220", "correlationVector":"SYUPlnpuWd1EY5dsj5IxHG.4","action":"GetUpdates Response", "result":"Success", "context":Received 11 update(s). cV=SYUPlnpuWd1EY5dsj5IxHG.0;server=akswtt000000001;cloudType=Consumer;environment=Prod_germanywestcentral_prod-s01-010-eur-germanywestcentral;migrationStage=NotStarted}
{"logTime": "0403/225220", "correlationVector":"HrSXLCVlFRruF9sVki2GZX","action":"Normal GetUpdate request", "result":"", "context":cV=HrSXLCVlFRruF9sVki2GZX
Nudged types: Preferences
Refresh requested types: Bookmarks, Preferences, Passwords, Autofill Profiles, Autofill, Extensions, Sessions, Extension settings, History Delete Directives, Device Info, User Consents, Send Tab To Self, Web Apps, History, Saved Tab Group, WebAuthn Credentials, Collection, Edge E Drop, Edge Hub App Usage, Edge Wallet, Edge Workspace, Encryption Keys}
{"logTime": "0403/225220", "correlationVector":"HrSXLCVlFRruF9sVki2GZX.1","action":"SyncServerConnectionManagerRequest", "result":"SYNC_SERVER_OK", "context":{"environment":"Prod_germanywestcentral_prod-s01-010-eur-germanywestcentral", "migrationStage":"NotStarted", "server":"akswtt00000000c"}}
{"logTime": "0403/225220", "correlationVector":"HrSXLCVlFRruF9sVki2GZX.2","action":"ProcessGetUpdates", "result":"Done", "context":{"dataType":"Preferences", "deleted":"0", "process_failed_to_decrypt":"0", "process_pending_decryption":"0", "process_success":"1", "total":"1"}}
{"logTime": "0403/225220", "correlationVector":"HrSXLCVlFRruF9sVki2GZX.3","action":"GetUpdates Response", "result":"Success", "context":Received 1 update(s). cV=HrSXLCVlFRruF9sVki2GZX.0;server=akswtt00000000c;cloudType=Consumer;environment=Prod_germanywestcentral_prod-s01-010-eur-germanywestcentral;migrationStage=NotStarted}
{"logTime": "0403/225247", "correlationVector":"fcT8rvQ1ymPZGKPNKEQ/aG","action":"Commit Request", "result":"", "context":Item count: 1
Contributing types: Passwords}
{"logTime": "0403/225247", "correlationVector":"fcT8rvQ1ymPZGKPNKEQ/aG.1","action":"SyncServerConnectionManagerRequest", "result":"SYNC_SERVER_OK", "context":{"environment":"Prod_germanywestcentral_prod-s01-010-eur-germanywestcentral", "migrationStage":"NotStarted", "server":"akswtt000000001"}}
{"logTime": "0403/225247", "correlationVector":"fcT8rvQ1ymPZGKPNKEQ/aG.2","action":"Commit Response", "result":"Success", "context":Result: Success. cV=fcT8rvQ1ymPZGKPNKEQ/aG.0;server=akswtt000000001;cloudType=Consumer;environment=Prod_germanywestcentral_prod-s01-010-eur-germanywestcentral;migrationStage=NotStarted}
{"logTime": "0403/225447", "correlationVector":"2T92JNa2WdGTQPYfjnoO+k","action":"Commit Request", "result":"", "context":Item count: 4
Contributing types: Sessions, History}
{"logTime": "0403/225447", "correlationVector":"2T92JNa2WdGTQPYfjnoO+k.1","action":"SyncServerConnectionManagerRequest", "result":"SYNC_SERVER_OK", "context":{"environment":"Prod_germanywestcentral_prod-s01-010-eur-germanywestcentral", "migrationStage":"NotStarted", "server":"akswtt00000000c"}}
{"logTime": "0403/225447", "correlationVector":"2T92JNa2WdGTQPYfjnoO+k.2","action":"Commit Response", "result":"Success", "context":Result: Success. cV=2T92JNa2WdGTQPYfjnoO+k.0;server=akswtt00000000c;cloudType=Consumer;environment=Prod_germanywestcentral_prod-s01-010-eur-germanywestcentral;migrationStage=NotStarted}
{"logTime": "0403/225548", "correlationVector":"kex8Nw1YmFXoxd2YxrES4f","action":"Commit Request", "result":"", "context":Item count: 5
Contributing types: Sessions, History}
{"logTime": "0403/225548", "correlationVector":"kex8Nw1YmFXoxd2YxrES4f.1","action":"SyncServerConnectionManagerRequest", "result":"SYNC_SERVER_OK", "context":{"environment":"Prod_germanywestcentral_prod-s01-010-eur-germanywestcentral", "migrationStage":"NotStarted", "server":"akswtt00000000c"}}
{"logTime": "0403/225548", "correlationVector":"kex8Nw1YmFXoxd2YxrES4f.2","action":"Commit Response", "result":"Success", "context":Result: Success. cV=kex8Nw1YmFXoxd2YxrES4f.0;server=akswtt00000000c;cloudType=Consumer;environment=Prod_germanywestcentral_prod-s01-010-eur-germanywestcentral;migrationStage=NotStarted}
