2026-04-03 22:51:47.446: [INFO][Sync] Reset engine, reason: 8
2026-04-03 22:51:47.446: [INFO][Sync] Stopped: Bookmarks
2026-04-03 22:51:47.446: [INFO][Sync] Stopped: Preferences
2026-04-03 22:51:47.446: [INFO][Sync] Stopped: Passwords
2026-04-03 22:51:47.446: [INFO][Sync] Stopped: Autofill Profiles
2026-04-03 22:51:47.446: [INFO][Sync] Stopped: Autofill
2026-04-03 22:51:47.446: [INFO][Sync] Stopped: Extensions
2026-04-03 22:51:47.446: [INFO][Sync] Stopped: Sessions
2026-04-03 22:51:47.446: [INFO][Sync] Stopped: Extension settings
2026-04-03 22:51:47.446: [INFO][Sync] Stopped: History Delete Directives
2026-04-03 22:51:47.446: [INFO][Sync] Stopped: Device Info
2026-04-03 22:51:47.446: [INFO][Sync] Stopped: User Consents
2026-04-03 22:51:47.446: [INFO][Sync] Stopped: Send Tab To Self
2026-04-03 22:51:47.446: [INFO][Sync] Stopped: Web Apps
2026-04-03 22:51:47.446: [INFO][Sync] Stopped: History
2026-04-03 22:51:47.446: [INFO][Sync] Stopped: Saved Tab Group
2026-04-03 22:51:47.446: [INFO][Sync] Stopped: WebAuthn Credentials
2026-04-03 22:51:47.446: [INFO][Sync] Stopped: Collection
2026-04-03 22:51:47.446: [INFO][Sync] Stopped: Edge E Drop
2026-04-03 22:51:47.446: [INFO][Sync] Stopped: Edge Hub App Usage
2026-04-03 22:51:47.446: [INFO][Sync] Stopped: Edge Wallet
2026-04-03 22:51:47.446: [INFO][Sync] Stopped: Edge Workspace
2026-04-03 22:51:47.446: [INFO][Sync] SyncState after authenticated was: NotSignedIn
2026-04-03 22:51:47.554: [INFO][Sync] Reset engine, reason: 8
2026-04-03 22:51:47.554: [INFO][Sync] Stopped: Bookmarks
2026-04-03 22:51:47.554: [INFO][Sync] Stopped: Preferences
2026-04-03 22:51:47.554: [INFO][Sync] Stopped: Passwords
2026-04-03 22:51:47.554: [INFO][Sync] Stopped: Autofill Profiles
2026-04-03 22:51:47.554: [INFO][Sync] Stopped: Autofill
2026-04-03 22:51:47.554: [INFO][Sync] Stopped: Extensions
2026-04-03 22:51:47.554: [INFO][Sync] Stopped: Sessions
2026-04-03 22:51:47.554: [INFO][Sync] Stopped: Extension settings
2026-04-03 22:51:47.554: [INFO][Sync] Stopped: History Delete Directives
2026-04-03 22:51:47.554: [INFO][Sync] Stopped: Device Info
2026-04-03 22:51:47.554: [INFO][Sync] Stopped: User Consents
2026-04-03 22:51:47.554: [INFO][Sync] Stopped: Send Tab To Self
2026-04-03 22:51:47.554: [INFO][Sync] Stopped: Web Apps
2026-04-03 22:51:47.554: [INFO][Sync] Stopped: History
2026-04-03 22:51:47.554: [INFO][Sync] Stopped: Saved Tab Group
2026-04-03 22:51:47.554: [INFO][Sync] Stopped: WebAuthn Credentials
2026-04-03 22:51:47.554: [INFO][Sync] Stopped: Collection
2026-04-03 22:51:47.554: [INFO][Sync] Stopped: Edge E Drop
2026-04-03 22:51:47.554: [INFO][Sync] Stopped: Edge Hub App Usage
2026-04-03 22:51:47.554: [INFO][Sync] Stopped: Edge Wallet
2026-04-03 22:51:47.554: [INFO][Sync] Stopped: Edge Workspace
2026-04-03 22:51:47.919: [INFO][Sync] Try to start sync engine
2026-04-03 22:51:47.919: [INFO][SyncManagerImpl::NudgeForInitialDownload] Initial download nudge for Encryption Keys
2026-04-03 22:51:47.919: [INFO][SyncEngineBackend::LoadAndConnectNigoriController] Load and connect Nigori controller
2026-04-03 22:51:47.919: [INFO][SyncEngineBackend::DoInitialize] Control Types added: Encryption Keys
2026-04-03 22:51:47.919: [INFO][SyncManagerImpl::ConfigureSyncer] Types to download: Encryption Keys with reason: 3
2026-04-03 22:51:47.919: [INFO][SyncSchedulerImpl::DoConfigurationSyncCycleJob] Configure job was blocked
2026-04-03 22:51:47.927: [INFO][SyncAuthManager::SetLastAuthError] Current auth error: None
2026-04-03 22:51:47.927: [INFO][SyncAuthManager::EdgeLogTokenErrorState] Token error with: None for account type: MSA
2026-04-03 22:51:47.927: [INFO][Sync] Credentials changed for: EdgeSyncScopeNew
2026-04-03 22:51:47.954: [INFO][SyncAuthManager::SetLastAuthError] Current auth error: None
2026-04-03 22:51:47.954: [INFO][SyncAuthManager::EdgeLogTokenErrorState] Token error with: None for account type: MSA
2026-04-03 22:51:47.954: [INFO][Sync] Credentials changed for: EdgeSyncKeyDataScope
2026-04-03 22:51:47.954: [INFO][SyncEngineBackend::DoUpdateKeyDataCredentials] Update key data credentials
2026-04-03 22:51:47.954: [INFO][SyncEngineBackend::DoUpdateCredentials] Update credentials
2026-04-03 22:51:47.954: [INFO][SyncSchedulerImpl::DoConfigurationSyncCycleJob] Blocked types:  and types to download: Encryption Keys
2026-04-03 22:51:48.067: [INFO][Sync] Started DataTypeManager configuration, reason: 4
2026-04-03 22:51:48.067: [INFO][Sync] Configuring for: Bookmarks, Preferences, Passwords, Autofill Profiles, Autofill, Extensions, Sessions, Extension settings, History Delete Directives, Device Info, User Consents, Send Tab To Self, Web Apps, History, Saved Tab Group, WebAuthn Credentials, Collection, Edge E Drop, Edge Hub App Usage, Edge Wallet, Edge Workspace, Encryption Keys, reason: 3, current state: 0
2026-04-03 22:51:48.067: [WARN][Sync] Crypto error data types: Passwords, Autofill Profiles, Autofill
2026-04-03 22:51:48.068: [INFO][Sync] Configure, desired: Bookmarks, Preferences, Extensions, Sessions, Extension settings, History Delete Directives, Device Info, User Consents, Send Tab To Self, Web Apps, History, Saved Tab Group, WebAuthn Credentials, Collection, Edge E Drop, Edge Hub App Usage, Edge Wallet, Edge Workspace, Encryption Keys; Allow fail: Passwords, Autofill Profiles, Autofill
2026-04-03 22:51:48.068: [INFO][Sync] Loading: Bookmarks
2026-04-03 22:51:48.068: [INFO][Sync] Loading: Preferences
2026-04-03 22:51:48.068: [INFO][Sync] Loading: Extensions
2026-04-03 22:51:48.068: [INFO][Sync] Loading: Sessions
2026-04-03 22:51:48.068: [INFO][Sync] Loading: Extension settings
2026-04-03 22:51:48.068: [INFO][Sync] Loading: History Delete Directives
2026-04-03 22:51:48.068: [INFO][Sync] Loading: Device Info
2026-04-03 22:51:48.068: [INFO][Sync] Loading: User Consents
2026-04-03 22:51:48.068: [INFO][Sync] Loading: Send Tab To Self
2026-04-03 22:51:48.068: [INFO][Sync] Loading: Web Apps
2026-04-03 22:51:48.068: [INFO][Sync] Loading: History
2026-04-03 22:51:48.068: [INFO][Sync] Loading: Saved Tab Group
2026-04-03 22:51:48.068: [INFO][Sync] Loading: WebAuthn Credentials
2026-04-03 22:51:48.068: [INFO][Sync] Loading: Collection
2026-04-03 22:51:48.068: [INFO][Sync] Loading: Edge E Drop
2026-04-03 22:51:48.068: [INFO][Sync] Loading: Edge Hub App Usage
2026-04-03 22:51:48.068: [INFO][Sync] Loading: Edge Wallet
2026-04-03 22:51:48.068: [INFO][Sync] Loading: Edge Workspace
2026-04-03 22:51:48.069: [INFO][Sync] All data types are ready for configure.
2026-04-03 22:51:48.405: [INFO][SyncEngineBackend::DoStartConfiguration] Start configuration
2026-04-03 22:51:48.405: [INFO][SyncManagerImpl::NudgeForInitialDownload] Initial download nudge for Bookmarks
2026-04-03 22:51:48.405: [INFO][SyncManagerImpl::NudgeForInitialDownload] Initial download nudge for Preferences
2026-04-03 22:51:48.405: [INFO][SyncManagerImpl::NudgeForInitialDownload] Initial download nudge for Extensions
2026-04-03 22:51:48.405: [INFO][SyncManagerImpl::NudgeForInitialDownload] Initial download nudge for Sessions
2026-04-03 22:51:48.405: [INFO][SyncManagerImpl::NudgeForInitialDownload] Initial download nudge for Extension settings
2026-04-03 22:51:48.405: [INFO][SyncManagerImpl::NudgeForInitialDownload] Initial download nudge for History Delete Directives
2026-04-03 22:51:48.405: [INFO][SyncManagerImpl::NudgeForInitialDownload] Initial download nudge for Device Info
2026-04-03 22:51:48.405: [INFO][SyncManagerImpl::NudgeForInitialDownload] Initial download nudge for Send Tab To Self
2026-04-03 22:51:48.405: [INFO][SyncManagerImpl::NudgeForInitialDownload] Initial download nudge for Web Apps
2026-04-03 22:51:48.405: [INFO][SyncManagerImpl::NudgeForInitialDownload] Initial download nudge for History
2026-04-03 22:51:48.405: [INFO][SyncManagerImpl::NudgeForInitialDownload] Initial download nudge for Saved Tab Group
2026-04-03 22:51:48.405: [INFO][Sync] Connection status changed to: 2
2026-04-03 22:51:48.405: [INFO][SyncManagerImpl::NudgeForInitialDownload] Initial download nudge for WebAuthn Credentials
2026-04-03 22:51:48.405: [INFO][SyncManagerImpl::NudgeForInitialDownload] Initial download nudge for Collection
2026-04-03 22:51:48.405: [INFO][SyncManagerImpl::NudgeForInitialDownload] Initial download nudge for Edge E Drop
2026-04-03 22:51:48.405: [INFO][SyncManagerImpl::NudgeForInitialDownload] Initial download nudge for Edge Hub App Usage
2026-04-03 22:51:48.405: [INFO][SyncManagerImpl::NudgeForInitialDownload] Initial download nudge for Edge Wallet
2026-04-03 22:51:48.405: [INFO][SyncManagerImpl::NudgeForInitialDownload] Initial download nudge for Edge Workspace
2026-04-03 22:51:48.405: [INFO][SyncManagerImpl::ConfigureSyncer] Types to download:  with reason: 3
2026-04-03 22:51:48.405: [INFO][SyncEngineBackend::DoFinishConfigureDataTypes] Failed to download types:  and succeeded types: 
2026-04-03 22:51:48.406: [INFO][Sync] ConfigurationDone, failed: , succeeded: , remaining count: 4
2026-04-03 22:51:48.406: [INFO][Sync] Prepare to configure types: Preferences, Device Info, Send Tab To Self, Edge E Drop, Encryption Keys
2026-04-03 22:51:48.406: [INFO][SyncManagerImpl::ConfigureSyncer] Types to download: Preferences, Device Info, Send Tab To Self, Edge E Drop, Encryption Keys with reason: 3
2026-04-03 22:51:48.406: [INFO][SyncSchedulerImpl::DoConfigurationSyncCycleJob] Blocked types:  and types to download: Preferences, Device Info, Send Tab To Self, Edge E Drop, Encryption Keys
2026-04-03 22:51:48.428: [INFO][SyncAuthManager::SetLastAuthError] Current auth error: None
2026-04-03 22:51:48.428: [INFO][SyncAuthManager::EdgeLogTokenErrorState] Token error with: None for account type: MSA
2026-04-03 22:51:48.428: [INFO][Sync] Credentials changed for: EdgeSyncKeyDataScope
2026-04-03 22:51:48.555: [INFO][SyncEngineBackend::DoFinishConfigureDataTypes] Failed to download types:  and succeeded types: Preferences, Device Info, Send Tab To Self, Edge E Drop, Encryption Keys
2026-04-03 22:51:48.556: [INFO][Sync] ConfigurationDone, failed: , succeeded: Preferences, Device Info, Send Tab To Self, Edge E Drop, Encryption Keys, remaining count: 3
2026-04-03 22:51:48.556: [INFO][Sync] Prepare to configure types: Bookmarks, Encryption Keys
2026-04-03 22:51:48.785: [INFO][SyncEngineBackend::DoUpdateKeyDataCredentials] Update key data credentials
2026-04-03 22:51:48.785: [INFO][Sync] Connection status changed to: 2
2026-04-03 22:51:48.785: [INFO][SyncManagerImpl::ConfigureSyncer] Types to download: Bookmarks, Encryption Keys with reason: 3
2026-04-03 22:51:48.785: [INFO][SyncSchedulerImpl::DoConfigurationSyncCycleJob] Blocked types:  and types to download: Bookmarks, Encryption Keys
2026-04-03 22:51:48.872: [INFO][SyncEngineBackend::DoFinishConfigureDataTypes] Failed to download types:  and succeeded types: Bookmarks, Encryption Keys
2026-04-03 22:51:48.872: [INFO][Sync] ConfigurationDone, failed: , succeeded: Bookmarks, Encryption Keys, remaining count: 2
2026-04-03 22:51:48.873: [INFO][Sync] Prepare to configure types: Extensions, Sessions, Extension settings, History Delete Directives, Web Apps, Saved Tab Group, WebAuthn Credentials, Collection, Edge Hub App Usage, Edge Wallet, Edge Workspace, Encryption Keys
2026-04-03 22:51:49.074: [INFO][SyncManagerImpl::ConfigureSyncer] Types to download: Extensions, Sessions, Extension settings, History Delete Directives, Web Apps, Saved Tab Group, WebAuthn Credentials, Collection, Edge Hub App Usage, Edge Wallet, Edge Workspace, Encryption Keys with reason: 3
2026-04-03 22:51:49.074: [INFO][SyncSchedulerImpl::DoConfigurationSyncCycleJob] Blocked types:  and types to download: Extensions, Sessions, Extension settings, History Delete Directives, Web Apps, Saved Tab Group, WebAuthn Credentials, Collection, Edge Hub App Usage, Edge Wallet, Edge Workspace, Encryption Keys
2026-04-03 22:51:49.074: [INFO][Sync] Connection status changed to: 2
2026-04-03 22:51:49.229: [INFO][SyncEngineBackend::DoFinishConfigureDataTypes] Failed to download types:  and succeeded types: Extensions, Sessions, Extension settings, History Delete Directives, Web Apps, Saved Tab Group, WebAuthn Credentials, Collection, Edge Hub App Usage, Edge Wallet, Edge Workspace, Encryption Keys
2026-04-03 22:51:49.229: [INFO][Sync] ConfigurationDone, failed: , succeeded: Extensions, Sessions, Extension settings, History Delete Directives, Web Apps, Saved Tab Group, WebAuthn Credentials, Collection, Edge Hub App Usage, Edge Wallet, Edge Workspace, Encryption Keys, remaining count: 1
2026-04-03 22:51:49.229: [INFO][Sync] Prepare to configure types: History, Encryption Keys
2026-04-03 22:51:49.252: [INFO][SyncAuthManager::SetLastAuthError] Current auth error: None
2026-04-03 22:51:49.252: [INFO][SyncAuthManager::EdgeLogTokenErrorState] Token error with: None for account type: MSA
2026-04-03 22:51:49.252: [INFO][Sync] Credentials changed for: EdgeSyncScopeNew
2026-04-03 22:51:49.608: [INFO][SyncManagerImpl::ConfigureSyncer] Types to download: History, Encryption Keys with reason: 3
2026-04-03 22:51:49.608: [INFO][SyncSchedulerImpl::DoConfigurationSyncCycleJob] Blocked types:  and types to download: History, Encryption Keys
2026-04-03 22:51:49.608: [INFO][Sync] Connection status changed to: 2
2026-04-03 22:51:49.698: [INFO][SyncEngineBackend::DoFinishConfigureDataTypes] Failed to download types:  and succeeded types: History, Encryption Keys
2026-04-03 22:51:49.698: [INFO][Sync] ConfigurationDone, failed: , succeeded: History, Encryption Keys, remaining count: 0
2026-04-03 22:51:49.698: [INFO][Sync]     Configuration completed, state: 3
2026-04-03 22:51:49.698: [INFO][Sync] Configured DataTypeManager: Ok
2026-04-03 22:51:49.699: [INFO][SyncEngineBackend::DoStartSyncing] Start syncing
2026-04-03 22:51:50.499: [INFO][SyncAuthManager::SetLastAuthError] Current auth error: None
2026-04-03 22:51:50.499: [INFO][SyncAuthManager::EdgeLogTokenErrorState] Token error with: None for account type: MSA
2026-04-03 22:51:50.499: [INFO][Sync] Credentials changed for: EdgeSyncKeyDataScope
2026-04-03 22:51:50.499: [INFO][SyncEngineBackend::DoUpdateKeyDataCredentials] Update key data credentials
2026-04-03 22:51:50.499: [INFO][SyncEngineBackend::DoUpdateCredentials] Update credentials
2026-04-03 22:51:51.515: [INFO][SyncAuthManager::SetLastAuthError] Current auth error: None
2026-04-03 22:51:51.515: [INFO][SyncAuthManager::EdgeLogTokenErrorState] Token error with: None for account type: MSA
2026-04-03 22:51:51.515: [INFO][Sync] Credentials changed for: EdgeSyncScopeNew
2026-04-03 22:51:51.524: [INFO][SyncEngineBackend::DoUpdateCredentials] Update credentials
2026-04-03 22:51:51.524: [INFO][Sync] Connection status changed to: 2
2026-04-03 22:51:51.524: [INFO][SyncEngineBackend::DoUpdateKeyDataCredentials] Update key data credentials
2026-04-03 22:51:52.273: [INFO][Sync] Connection status changed to: 2
2026-04-03 22:51:54.830: [INFO][SyncAuthManager::SetLastAuthError] Current auth error: None
2026-04-03 22:51:54.830: [INFO][SyncAuthManager::EdgeLogTokenErrorState] Token error with: None for account type: MSA
2026-04-03 22:51:54.830: [INFO][Sync] Credentials changed for: EdgeSyncScopeNew
2026-04-03 22:51:55.010: [INFO][SyncAuthManager::SetLastAuthError] Current auth error: None
2026-04-03 22:51:55.010: [INFO][SyncAuthManager::EdgeLogTokenErrorState] Token error with: None for account type: MSA
2026-04-03 22:51:55.010: [INFO][Sync] Credentials changed for: EdgeSyncKeyDataScope
2026-04-03 22:51:55.010: [INFO][SyncEngineBackend::DoUpdateKeyDataCredentials] Update key data credentials
2026-04-03 22:51:55.010: [INFO][SyncEngineBackend::DoUpdateCredentials] Update credentials
2026-04-03 22:51:55.974: [INFO][Sync] Connection status changed to: 2
2026-04-03 22:52:02.603: [INFO][SyncAuthManager::SetLastAuthError] Current auth error: None
2026-04-03 22:52:02.603: [INFO][SyncAuthManager::EdgeLogTokenErrorState] Token error with: None for account type: MSA
2026-04-03 22:52:02.603: [INFO][Sync] Credentials changed for: EdgeSyncScopeNew
2026-04-03 22:52:02.906: [INFO][SyncAuthManager::SetLastAuthError] Current auth error: None
2026-04-03 22:52:02.906: [INFO][SyncAuthManager::EdgeLogTokenErrorState] Token error with: None for account type: MSA
2026-04-03 22:52:02.906: [INFO][Sync] Credentials changed for: EdgeSyncKeyDataScope
2026-04-03 22:52:02.906: [INFO][SyncEngineBackend::DoUpdateKeyDataCredentials] Update key data credentials
2026-04-03 22:52:02.906: [INFO][SyncEngineBackend::DoUpdateCredentials] Update credentials
2026-04-03 22:52:03.669: [INFO][Sync] Connection status changed to: 2
2026-04-03 22:52:17.700: [INFO][SyncAuthManager::SetLastAuthError] Current auth error: None
2026-04-03 22:52:17.700: [INFO][SyncAuthManager::EdgeLogTokenErrorState] Token error with: None for account type: MSA
2026-04-03 22:52:17.700: [INFO][Sync] Credentials changed for: EdgeSyncScopeNew
2026-04-03 22:52:19.259: [INFO][SyncAuthManager::SetLastAuthError] Current auth error: None
2026-04-03 22:52:19.259: [INFO][SyncAuthManager::EdgeLogTokenErrorState] Token error with: None for account type: MSA
2026-04-03 22:52:19.259: [INFO][Sync] Credentials changed for: EdgeSyncKeyDataScope
2026-04-03 22:52:19.259: [INFO][SyncEngineBackend::DoUpdateKeyDataCredentials] Update key data credentials
2026-04-03 22:52:19.259: [INFO][SyncEngineBackend::DoUpdateCredentials] Update credentials
2026-04-03 22:52:19.897: [INFO][Sync] Started DataTypeManager configuration, reason: 5
2026-04-03 22:52:19.897: [INFO][Sync] Configuring for: Bookmarks, Preferences, Passwords, Autofill Profiles, Autofill, Extensions, Sessions, Extension settings, History Delete Directives, Device Info, User Consents, Send Tab To Self, Web Apps, History, Saved Tab Group, WebAuthn Credentials, Collection, Edge E Drop, Edge Hub App Usage, Edge Wallet, Edge Workspace, Encryption Keys, reason: 5, current state: 3
2026-04-03 22:52:19.897: [INFO][SyncEngineBackend::DoStartConfiguration] Start configuration
2026-04-03 22:52:19.899: [INFO][Sync] Configure, desired: Bookmarks, Preferences, Passwords, Autofill Profiles, Autofill, Extensions, Sessions, Extension settings, History Delete Directives, Device Info, User Consents, Send Tab To Self, Web Apps, History, Saved Tab Group, WebAuthn Credentials, Collection, Edge E Drop, Edge Hub App Usage, Edge Wallet, Edge Workspace, Encryption Keys; Allow fail: 
2026-04-03 22:52:19.899: [INFO][Sync] Loading: Passwords
2026-04-03 22:52:19.899: [INFO][Sync] Loading: Autofill Profiles
2026-04-03 22:52:19.899: [INFO][Sync] Loading: Autofill
2026-04-03 22:52:19.900: [INFO][Sync] All data types are ready for configure.
2026-04-03 22:52:19.900: [INFO][SyncManagerImpl::NudgeForInitialDownload] Initial download nudge for Passwords
2026-04-03 22:52:19.900: [INFO][SyncManagerImpl::NudgeForInitialDownload] Initial download nudge for Autofill Profiles
2026-04-03 22:52:19.900: [INFO][SyncManagerImpl::NudgeForInitialDownload] Initial download nudge for Autofill
2026-04-03 22:52:19.900: [INFO][SyncManagerImpl::ConfigureSyncer] Types to download:  with reason: 5
2026-04-03 22:52:19.900: [INFO][SyncEngineBackend::DoFinishConfigureDataTypes] Failed to download types:  and succeeded types: 
2026-04-03 22:52:19.900: [INFO][Sync] ConfigurationDone, failed: , succeeded: , remaining count: 4
2026-04-03 22:52:19.900: [INFO][Sync] Prepare to configure types: Passwords, Encryption Keys
2026-04-03 22:52:19.900: [INFO][SyncManagerImpl::ConfigureSyncer] Types to download: Passwords, Encryption Keys with reason: 5
2026-04-03 22:52:19.900: [INFO][SyncSchedulerImpl::DoConfigurationSyncCycleJob] Blocked types:  and types to download: Passwords, Encryption Keys
2026-04-03 22:52:19.996: [INFO][SyncEngineBackend::DoFinishConfigureDataTypes] Failed to download types:  and succeeded types: Passwords, Encryption Keys
2026-04-03 22:52:19.997: [INFO][Sync] ConfigurationDone, failed: , succeeded: Passwords, Encryption Keys, remaining count: 3
2026-04-03 22:52:19.997: [INFO][SyncManagerImpl::ConfigureSyncer] Types to download:  with reason: 5
2026-04-03 22:52:19.997: [INFO][SyncEngineBackend::DoFinishConfigureDataTypes] Failed to download types:  and succeeded types: 
2026-04-03 22:52:20.000: [INFO][Sync] ConfigurationDone, failed: , succeeded: , remaining count: 2
2026-04-03 22:52:20.000: [INFO][Sync] Prepare to configure types: Autofill Profiles, Autofill, Encryption Keys
2026-04-03 22:52:20.000: [INFO][SyncManagerImpl::ConfigureSyncer] Types to download: Autofill Profiles, Autofill, Encryption Keys with reason: 5
2026-04-03 22:52:20.000: [INFO][SyncSchedulerImpl::DoConfigurationSyncCycleJob] Blocked types:  and types to download: Autofill Profiles, Autofill, Encryption Keys
2026-04-03 22:52:20.092: [INFO][SyncEngineBackend::DoFinishConfigureDataTypes] Failed to download types:  and succeeded types: Autofill Profiles, Autofill, Encryption Keys
2026-04-03 22:52:20.093: [INFO][Sync] ConfigurationDone, failed: , succeeded: Autofill Profiles, Autofill, Encryption Keys, remaining count: 1
2026-04-03 22:52:20.094: [INFO][SyncManagerImpl::ConfigureSyncer] Types to download:  with reason: 5
2026-04-03 22:52:20.094: [INFO][SyncEngineBackend::DoFinishConfigureDataTypes] Failed to download types:  and succeeded types: 
2026-04-03 22:52:20.098: [INFO][Sync] ConfigurationDone, failed: , succeeded: , remaining count: 0
2026-04-03 22:52:20.099: [INFO][Sync]     Configuration completed, state: 3
2026-04-03 22:52:20.099: [INFO][Sync] Configured DataTypeManager: Ok
2026-04-03 22:52:20.100: [INFO][SyncEngineBackend::DoStartSyncing] Start syncing
